*** Using Compiler 'V5.06 update 5 (build 528)', folder: 'D:\Program Files\KEIL\ARM\ARMCC\Bin'
Rebuild target 'Target 1'
assembling startup_stm32f10x_md.s...
compiling core_cm3.c...
compiling misc.c...
compiling system_stm32f10x.c...
compiling stm32f10x_adc.c...
compiling stm32f10x_dbgmcu.c...
compiling stm32f10x_bkp.c...
compiling stm32f10x_cec.c...
compiling stm32f10x_crc.c...
compiling stm32f10x_dma.c...
compiling stm32f10x_exti.c...
compiling stm32f10x_dac.c...
compiling stm32f10x_fsmc.c...
compiling stm32f10x_gpio.c...
compiling stm32f10x_flash.c...
compiling stm32f10x_can.c...
compiling stm32f10x_i2c.c...
compiling stm32f10x_iwdg.c...
compiling stm32f10x_pwr.c...
compiling stm32f10x_rcc.c...
compiling stm32f10x_rtc.c...
compiling stm32f10x_sdio.c...
compiling stm32f10x_spi.c...
compiling stm32f10x_usart.c...
compiling stm32f10x_wwdg.c...
compiling stm32f10x_tim.c...
compiling Delay.c...
compiling LED.c...
compiling Key.c...
compiling Serial.c...
compiling OLED.c...
compiling SD.c...
compiling main.c...
compiling AD.c...
Hardware\AD.c(21): warning:  #550-D: variable "GPIO_InitStructure1"  was set but never used
  	GPIO_InitTypeDef GPIO_InitStructure1;
Hardware\AD.c: 1 warning, 0 errors
compiling stm32f10x_it.c...
linking...
Program Size: Code=8108 RO-data=1788 RW-data=44 ZI-data=1028  
".\Objects\Project.axf" - 0 Error(s), 1 Warning(s).
Build Time Elapsed:  00:00:02
